
--- Creating table of replication results for snp-level discoveries ---
snplevelFile: results/combined/discovery.snplevel/snplevel.txt
replicateFiles: results/gap_gm/replicate/mrmega.all/replicateDiscoveries.txt,results/gap_wm/replicate/mrmega.all/replicateDiscoveries.txt,results/gap_gwm/replicate/mrmega.all/replicateDiscoveries.txt
outFile: results/combined/replicateDiscoveries.all
traits: gap_gm,gap_wm,gap_gwm
traitNames: grey matter,white matter,grey and white matter

Loading Files.
Merging discovery and replication tables.
Calculating statistics.

TRAIT	pUpper	pLower	consistentDirection	consistentDirectionP	nominalSig	nominalSigP	nominalSigGenes
gap_gm	1.0e+00	0.0e+00	24/26	5.2e-06	14/26	3.3e-12	1q41 (rs796226228 near KCNK2), 2q33.1 (rs376899426 in RFTN2), 2q33.2 (rs76122535 in ICA1L), 4p14 (rs13132853 in KLF3), 6p21.1 (rs35405209 in RUNX2), 17q21.31 (rs56072903 in MAPT), 17q25.1 (rs3833085 in TRIM47), Xp22.2 (rs5979992 in GPM6B), 4p16.3 (rs1012365 in ADD1), 5q33.3 (rs4130208 in EBF1), 8q24.21 (rs12548781 in FAM49B), 16p11.2 (rs536906899 in GDPD3), 16q24.3 (rs79029793 in DEF8), 17q11.2 (rs13723 in CORO6)
gap_gm	1.0e-06	5.0e-08	12/14	6.5e-03	6/14	3.3e-05	4p16.3 (rs1012365 in ADD1), 5q33.3 (rs4130208 in EBF1), 8q24.21 (rs12548781 in FAM49B), 16p11.2 (rs536906899 in GDPD3), 16q24.3 (rs79029793 in DEF8), 17q11.2 (rs13723 in CORO6)
gap_gm	5.0e-08	0.0e+00	12/12	2.4e-04	8/12	1.6e-08	1q41 (rs796226228 near KCNK2), 2q33.1 (rs376899426 in RFTN2), 2q33.2 (rs76122535 in ICA1L), 4p14 (rs13132853 in KLF3), 6p21.1 (rs35405209 in RUNX2), 17q21.31 (rs56072903 in MAPT), 17q25.1 (rs3833085 in TRIM47), Xp22.2 (rs5979992 in GPM6B)
gap_wm	1.0e+00	0.0e+00	32/35	2.1e-07	19/35	3.6e-16	1q25.3 (rs35306826 in STX6), 2q33.2 (rs10932008 in NBEAL1), 3q13.33 (rs34567530 in SLC15A2), 4p14 (rs13132853 in KLF3), 6p21.1 (rs2820339 in RUNX2), 8q23.3 (rs2721939 in TRPS1), 10q26.3 (rs12258248 in INPP5A), 14q31.3 (rs4904408 in GALC), 15q23 (15:71162906_CA_C in LRRC49), 17q21.31 (rs111854640 in KANSL1), 22q13.1 (rs142739979 in BAIAP2L2), Xp22.33 (rs377113838 near DHRSX), 1q21.3 (1:153761809_AT_A near LOC343052), 2q32.2 (rs1233245 in PMS1), 3p13 (rs62252239 in MITF), 3q26.31 (rs73171590 in TNIK), 5q13.2 (rs26575 in FCHO2), 9q33.2 (rs5021405 in FBXW2), 17p11.2 (rs9899357 near AKAP10)
gap_wm	1.0e-06	5.0e-08	17/20	1.3e-03	7/20	3.4e-05	1q21.3 (1:153761809_AT_A near LOC343052), 2q32.2 (rs1233245 in PMS1), 3p13 (rs62252239 in MITF), 3q26.31 (rs73171590 in TNIK), 5q13.2 (rs26575 in FCHO2), 9q33.2 (rs5021405 in FBXW2), 17p11.2 (rs9899357 near AKAP10)
gap_wm	5.0e-08	0.0e+00	15/15	3.1e-05	12/15	9.6e-14	1q25.3 (rs35306826 in STX6), 2q33.2 (rs10932008 in NBEAL1), 3q13.33 (rs34567530 in SLC15A2), 4p14 (rs13132853 in KLF3), 6p21.1 (rs2820339 in RUNX2), 8q23.3 (rs2721939 in TRPS1), 10q26.3 (rs12258248 in INPP5A), 14q31.3 (rs4904408 in GALC), 15q23 (15:71162906_CA_C in LRRC49), 17q21.31 (rs111854640 in KANSL1), 22q13.1 (rs142739979 in BAIAP2L2), Xp22.33 (rs377113838 near DHRSX)
gap_gwm	1.0e+00	0.0e+00	32/33	4.0e-09	18/33	1.9e-15	1q25.3 (rs35306826 in STX6), 1q41 (rs796226228 near KCNK2), 2q33.1 (rs376899426 in RFTN2), 2q33.2 (rs76122535 in ICA1L), 4p14 (rs13132853 in KLF3), 6p21.1 (rs35405209 in RUNX2), 10q26.3 (rs11281519 in INPP5A), 17q21.31 (rs199737620 in KANSL1), 17q25.1 (rs3833085 in TRIM47), 22q13.1 (rs142739979 in BAIAP2L2), Xp22.33 (rs62595479 in DHRSX), 1q21.3 (rs552429854 in GATAD2B), 4p16.3 (rs2515960 in NOP14), 5q13.2 (rs26575 in FCHO2), 6p21.32 (rs6908808 near HLA-DQA1), 6q22.32 (rs9398805 near CENPW), 17q11.2 (rs11652175 in EFCAB5), 18q21.1 (rs9957041 in ZBTB7C)
gap_gwm	1.0e-06	5.0e-08	19/20	2.0e-05	9/20	2.0e-07	1q41 (rs796226228 near KCNK2), 2q33.1 (rs376899426 in RFTN2), 1q21.3 (rs552429854 in GATAD2B), 4p16.3 (rs2515960 in NOP14), 5q13.2 (rs26575 in FCHO2), 6p21.32 (rs6908808 near HLA-DQA1), 6q22.32 (rs9398805 near CENPW), 17q11.2 (rs11652175 in EFCAB5), 18q21.1 (rs9957041 in ZBTB7C)
gap_gwm	5.0e-08	0.0e+00	13/13	1.2e-04	9/13	1.2e-09	1q25.3 (rs35306826 in STX6), 2q33.2 (rs76122535 in ICA1L), 4p14 (rs13132853 in KLF3), 6p21.1 (rs35405209 in RUNX2), 10q26.3 (rs11281519 in INPP5A), 17q21.31 (rs199737620 in KANSL1), 17q25.1 (rs3833085 in TRIM47), 22q13.1 (rs142739979 in BAIAP2L2), Xp22.33 (rs62595479 in DHRSX)
all	1.0e+00	0.0e+00	57/61	2.4e-13	32/61	1.2e-25	1q25.3 (rs35306826 in STX6), 1q41 (rs796226228 near KCNK2), 2q33.1 (rs376899426 in RFTN2), 2q33.2 (rs76122535 in ICA1L), 3q13.33 (rs34567530 in SLC15A2), 4p14 (rs13132853 in KLF3), 6p21.1 (rs35405209 in RUNX2), 8q23.3 (rs2721939 in TRPS1), 10q26.3 (rs12258248 in INPP5A), 14q31.3 (rs4904408 in GALC), 15q23 (15:71162906_CA_C in LRRC49), 17q21.31 (rs111854640 in KANSL1), 17q25.1 (rs3833085 in TRIM47), 22q13.1 (rs142739979 in BAIAP2L2), Xp22.2 (rs5979992 in GPM6B), Xp22.33 (rs377113838 near DHRSX), 1q21.3 (rs552429854 in GATAD2B), 2q32.2 (rs1233245 in PMS1), 3p13 (rs62252239 in MITF), 3q26.31 (rs73171590 in TNIK), 4p16.3 (rs1012365 in ADD1), 4p16.3 (rs2515960 in NOP14), 5q13.2 (rs26575 in FCHO2), 6p21.32 (rs6908808 near HLA-DQA1), 6q22.32 (rs9398805 near CENPW), 8q24.21 (rs12548781 in FAM49B), 9q33.2 (rs5021405 in FBXW2), 16p11.2 (rs536906899 in GDPD3), 16q24.3 (rs79029793 in DEF8), 17p11.2 (rs9899357 near AKAP10), 17q11.2 (rs11652175 in EFCAB5), 18q21.1 (rs9957041 in ZBTB7C)
all	1.0e-06	5.0e-08	33/37	5.4e-07	16/37	7.2e-12	1q21.3 (rs552429854 in GATAD2B), 2q32.2 (rs1233245 in PMS1), 3p13 (rs62252239 in MITF), 3q26.31 (rs73171590 in TNIK), 4p16.3 (rs1012365 in ADD1), 4p16.3 (rs2515960 in NOP14), 5q13.2 (rs26575 in FCHO2), 6p21.32 (rs6908808 near HLA-DQA1), 6q22.32 (rs9398805 near CENPW), 8q24.21 (rs12548781 in FAM49B), 9q33.2 (rs5021405 in FBXW2), 16p11.2 (rs536906899 in GDPD3), 16q24.3 (rs79029793 in DEF8), 17p11.2 (rs9899357 near AKAP10), 17q11.2 (rs11652175 in EFCAB5), 18q21.1 (rs9957041 in ZBTB7C)
all	5.0e-08	0.0e+00	24/24	6.0e-08	16/24	7.6e-16	1q25.3 (rs35306826 in STX6), 1q41 (rs796226228 near KCNK2), 2q33.1 (rs376899426 in RFTN2), 2q33.2 (rs76122535 in ICA1L), 3q13.33 (rs34567530 in SLC15A2), 4p14 (rs13132853 in KLF3), 6p21.1 (rs35405209 in RUNX2), 8q23.3 (rs2721939 in TRPS1), 10q26.3 (rs12258248 in INPP5A), 14q31.3 (rs4904408 in GALC), 15q23 (15:71162906_CA_C in LRRC49), 17q21.31 (rs111854640 in KANSL1), 17q25.1 (rs3833085 in TRIM47), 22q13.1 (rs142739979 in BAIAP2L2), Xp22.2 (rs5979992 in GPM6B), Xp22.33 (rs377113838 near DHRSX)

Writing results/combined/replicateDiscoveries.all.txt
Writing results/combined/replicateDiscoveries.all.log
