
--- Creating table of replication results for snp-level discoveries ---
snplevelFile: results/combined/snplevel.txt
replicateFiles: results/gap_gm/replicate/replicateDiscoveries.txt,results/gap_wm/replicate/replicateDiscoveries.txt,results/gap_gwm/replicate/replicateDiscoveries.txt
outFile: results/combined/replicateDiscoveries
traits: gap_gm,gap_wm,gap_gwm
traitNames: grey matter,white matter,grey and white matter

Loading Files.
Merging discovery and replication tables.
Calculating statistics.

TRAIT	pUpper	pLower	consistentDirection	consistentDirectionP	nominalSig	nominalSigP	nominalSigGenes
gap_gm	1.0e+00	0.0e+00	25/29	5.2e-05	10/29	8.1e-07	1q41 (rs796226228 near KCNK2), 2q33.2 (rs76122535 in ICA1L), 4p14 (rs13132853 in KLF3), 5q14.3 (5:90567689_TTAAATAAATAAATAAATAAA_T near LUCAT1), 17q21.31 (rs56072903 in MAPT), 17q25.1 (rs3833085 in TRIM47), Xp22.2 (rs5979992 in GPM6B), 8q24.21 (rs12548781 in FAM49B), 16q24.3 (rs79029793 in DEF8), Xq26.3 (X:133794136_AT_A in PLAC1)
gap_gm	1.0e-06	5.0e-08	14/17	6.4e-03	3/17	5.0e-02	8q24.21 (rs12548781 in FAM49B), 16q24.3 (rs79029793 in DEF8), Xq26.3 (X:133794136_AT_A in PLAC1)
gap_gm	5.0e-08	0.0e+00	11/12	3.2e-03	7/12	4.9e-07	1q41 (rs796226228 near KCNK2), 2q33.2 (rs76122535 in ICA1L), 4p14 (rs13132853 in KLF3), 5q14.3 (5:90567689_TTAAATAAATAAATAAATAAA_T near LUCAT1), 17q21.31 (rs56072903 in MAPT), 17q25.1 (rs3833085 in TRIM47), Xp22.2 (rs5979992 in GPM6B)
gap_wm	1.0e+00	0.0e+00	32/38	1.2e-05	20/38	1.3e-16	1q25.3 (rs35306826 in STX6), 2q33.2 (rs10932008 in NBEAL1), 3q13.33 (rs34567530 in SLC15A2), 4p14 (rs13132853 in KLF3), 6p21.1 (rs2820339 in RUNX2), 8q23.3 (rs2721939 in TRPS1), 10q26.3 (rs12258248 in INPP5A), 12q23.3 (rs12146713 in NUAK1), 14q31.3 (rs4904408 in GALC), 17q21.31 (rs111854640 in KANSL1), 22q13.1 (rs142739979 in BAIAP2L2), Xp22.33 (rs377113838 near DHRSX), 1q22 (rs72702267 near EFNA4), 2q32.2 (rs1233245 in PMS1), 3p13 (rs62252239 in MITF), 3q26.31 (rs73171590 in TNIK), 6q22.32 (rs4897179 near CENPW), 9q33.2 (rs5021405 in FBXW2), 17p13.3 (rs797015803 in SMG6), 17p11.2 (rs9899357 near AKAP10)
gap_wm	1.0e-06	5.0e-08	17/22	8.5e-03	8/22	6.6e-06	1q22 (rs72702267 near EFNA4), 2q32.2 (rs1233245 in PMS1), 3p13 (rs62252239 in MITF), 3q26.31 (rs73171590 in TNIK), 6q22.32 (rs4897179 near CENPW), 9q33.2 (rs5021405 in FBXW2), 17p13.3 (rs797015803 in SMG6), 17p11.2 (rs9899357 near AKAP10)
gap_wm	5.0e-08	0.0e+00	15/16	2.6e-04	12/16	3.7e-13	1q25.3 (rs35306826 in STX6), 2q33.2 (rs10932008 in NBEAL1), 3q13.33 (rs34567530 in SLC15A2), 4p14 (rs13132853 in KLF3), 6p21.1 (rs2820339 in RUNX2), 8q23.3 (rs2721939 in TRPS1), 10q26.3 (rs12258248 in INPP5A), 12q23.3 (rs12146713 in NUAK1), 14q31.3 (rs4904408 in GALC), 17q21.31 (rs111854640 in KANSL1), 22q13.1 (rs142739979 in BAIAP2L2), Xp22.33 (rs377113838 near DHRSX)
gap_gwm	1.0e+00	0.0e+00	34/37	6.2e-08	16/37	7.2e-12	1q25.3 (rs35306826 in STX6), 1q41 (rs796226228 near KCNK2), 2q33.2 (rs76122535 in ICA1L), 4p14 (rs13132853 in KLF3), 6p21.1 (rs35405209 in RUNX2), 10q26.3 (rs11281519 in INPP5A), 12q23.3 (rs12146713 in NUAK1), 15q23 (15:71162906_CA_C in LRRC49), 17q21.31 (rs199737620 in KANSL1), 17q25.1 (rs3833085 in TRIM47), Xp22.2 (rs2188768 in GPM6B), Xp22.33 (rs62595479 in DHRSX), 4p16.3 (rs2515960 in NOP14), 5q23.2 (rs17150506 in CSNK1G3), 6q22.32 (rs9398805 near CENPW), 18q21.1 (rs9957041 in ZBTB7C)
gap_gwm	1.0e-06	5.0e-08	22/24	1.8e-05	7/24	1.3e-04	1q41 (rs796226228 near KCNK2), 12q23.3 (rs12146713 in NUAK1), Xp22.2 (rs2188768 in GPM6B), 4p16.3 (rs2515960 in NOP14), 5q23.2 (rs17150506 in CSNK1G3), 6q22.32 (rs9398805 near CENPW), 18q21.1 (rs9957041 in ZBTB7C)
gap_gwm	5.0e-08	0.0e+00	12/13	1.7e-03	9/13	1.2e-09	1q25.3 (rs35306826 in STX6), 2q33.2 (rs76122535 in ICA1L), 4p14 (rs13132853 in KLF3), 6p21.1 (rs35405209 in RUNX2), 10q26.3 (rs11281519 in INPP5A), 15q23 (15:71162906_CA_C in LRRC49), 17q21.31 (rs199737620 in KANSL1), 17q25.1 (rs3833085 in TRIM47), Xp22.33 (rs62595479 in DHRSX)
all	1.0e+00	0.0e+00	58/70	1.1e-08	30/70	7.1e-21	1q25.3 (rs35306826 in STX6), 1q41 (rs796226228 near KCNK2), 2q33.2 (rs76122535 in ICA1L), 3q13.33 (rs34567530 in SLC15A2), 4p14 (rs13132853 in KLF3), 5q14.3 (5:90567689_TTAAATAAATAAATAAATAAA_T near LUCAT1), 6p21.1 (rs35405209 in RUNX2), 8q23.3 (rs2721939 in TRPS1), 10q26.3 (rs12258248 in INPP5A), 12q23.3 (rs12146713 in NUAK1), 14q31.3 (rs4904408 in GALC), 17q21.31 (rs111854640 in KANSL1), 17q25.1 (rs3833085 in TRIM47), 22q13.1 (rs142739979 in BAIAP2L2), Xp22.2 (rs5979992 in GPM6B), Xp22.33 (rs377113838 near DHRSX), 1q22 (rs72702267 near EFNA4), 2q32.2 (rs1233245 in PMS1), 3p13 (rs62252239 in MITF), 3q26.31 (rs73171590 in TNIK), 4p16.3 (rs2515960 in NOP14), 5q23.2 (rs17150506 in CSNK1G3), 6q22.32 (rs9398805 near CENPW), 8q24.21 (rs12548781 in FAM49B), 9q33.2 (rs5021405 in FBXW2), 16q24.3 (rs79029793 in DEF8), 17p13.3 (rs797015803 in SMG6), 17p11.2 (rs9899357 near AKAP10), 18q21.1 (rs9957041 in ZBTB7C), Xq26.3 (X:133794136_AT_A in PLAC1)
all	1.0e-06	5.0e-08	35/45	1.2e-04	14/45	2.3e-08	1q22 (rs72702267 near EFNA4), 2q32.2 (rs1233245 in PMS1), 3p13 (rs62252239 in MITF), 3q26.31 (rs73171590 in TNIK), 4p16.3 (rs2515960 in NOP14), 5q23.2 (rs17150506 in CSNK1G3), 6q22.32 (rs9398805 near CENPW), 8q24.21 (rs12548781 in FAM49B), 9q33.2 (rs5021405 in FBXW2), 16q24.3 (rs79029793 in DEF8), 17p13.3 (rs797015803 in SMG6), 17p11.2 (rs9899357 near AKAP10), 18q21.1 (rs9957041 in ZBTB7C), Xq26.3 (X:133794136_AT_A in PLAC1)
all	5.0e-08	0.0e+00	23/25	9.7e-06	16/25	2.0e-15	1q25.3 (rs35306826 in STX6), 1q41 (rs796226228 near KCNK2), 2q33.2 (rs76122535 in ICA1L), 3q13.33 (rs34567530 in SLC15A2), 4p14 (rs13132853 in KLF3), 5q14.3 (5:90567689_TTAAATAAATAAATAAATAAA_T near LUCAT1), 6p21.1 (rs35405209 in RUNX2), 8q23.3 (rs2721939 in TRPS1), 10q26.3 (rs12258248 in INPP5A), 12q23.3 (rs12146713 in NUAK1), 14q31.3 (rs4904408 in GALC), 17q21.31 (rs111854640 in KANSL1), 17q25.1 (rs3833085 in TRIM47), 22q13.1 (rs142739979 in BAIAP2L2), Xp22.2 (rs5979992 in GPM6B), Xp22.33 (rs377113838 near DHRSX)

Writing results/combined/replicateDiscoveries.txt
Writing results/combined/replicateDiscoveries.log
